<?xml version="1.0" encoding="UTF-8"?>
<testsuite xmlns:xsi="http://www.w3.org/2001/XMLSchema-instance" xsi:noNamespaceSchemaLocation="https://maven.apache.org/surefire/maven-surefire-plugin/xsd/surefire-test-report-3.0.xsd" version="3.0" name="com.internship.tool.controller.UserControllerTest" time="5.538" tests="6" errors="0" skipped="0" failures="0">
  <properties>
[...]
</properties>
  <testcase name="testGetUsers" classname="com.internship.tool.controller.UserControllerTest" time="0.272">
    <system-out><![CDATA[2026-04-30T23:09:16.024+05:30  INFO 18056 --- [           main] t.c.s.AnnotationConfigContextLoaderUtils : Could not detect default configuration classes for test class [com.internship.tool.controller.UserControllerTest]: UserControllerTest does not declare any static, non-private, non-final, nested classes annotated with @Configuration.
2026-04-30T23:09:16.031+05:30  INFO 18056 --- [           main] .b.t.c.SpringBootTestContextBootstrapper : Found @SpringBootConfiguration com.internship.tool.ToolApplication for test class com.internship.tool.controller.UserControllerTest

  .   ____          _            __ _ _
 /\\ / ___'_ __ _ _(_)_ __  __ _ \ \ \ \
( ( )\___ | '_ | '_| | '_ \/ _` | \ \ \ \
 \\/  ___)| |_)| | | | | || (_| |  ) ) ) )
  '  |____| .__|_| |_|_| |_\__, | / / / /
 =========|_|==============|___/=/_/_/_/
 :: Spring Boot ::                (v3.2.5)

2026-04-30T23:09:16.070+05:30  INFO 18056 --- [           main] c.i.tool.controller.UserControllerTest   : Starting UserControllerTest using Java 17.0.18 with PID 18056 (started by Asus in D:\onboarding-wizard\backend)
2026-04-30T23:09:16.071+05:30  INFO 18056 --- [           main] c.i.tool.controller.UserControllerTest   : No active profile set, falling back to 1 default profile: "default"
2026-04-30T23:09:16.587+05:30  INFO 18056 --- [           main] .s.d.r.c.RepositoryConfigurationDelegate : Multiple Spring Data modules found, entering strict repository configuration mode
2026-04-30T23:09:16.587+05:30  INFO 18056 --- [           main] .s.d.r.c.RepositoryConfigurationDelegate : Bootstrapping Spring Data JPA repositories in DEFAULT mode.
2026-04-30T23:09:16.598+05:30  INFO 18056 --- [           main] .s.d.r.c.RepositoryConfigurationDelegate : Finished Spring Data repository scanning in 10 ms. Found 1 JPA repository interface.
2026-04-30T23:09:16.601+05:30  INFO 18056 --- [           main] .s.d.r.c.RepositoryConfigurationDelegate : Multiple Spring Data modules found, entering strict repository configuration mode
2026-04-30T23:09:16.602+05:30  INFO 18056 --- [           main] .s.d.r.c.RepositoryConfigurationDelegate : Bootstrapping Spring Data Redis repositories in DEFAULT mode.
2026-04-30T23:09:16.605+05:30  INFO 18056 --- [           main] .RepositoryConfigurationExtensionSupport : Spring Data Redis - Could not safely identify store assignment for repository candidate interface com.internship.tool.repository.UserRepository; If you want this repository to be a Redis repository, consider annotating your entities with one of these annotations: org.springframework.data.redis.core.RedisHash (preferred), or consider extending one of the following types with your repository: org.springframework.data.keyvalue.repository.KeyValueRepository
2026-04-30T23:09:16.605+05:30  INFO 18056 --- [           main] .s.d.r.c.RepositoryConfigurationDelegate : Finished Spring Data repository scanning in 3 ms. Found 0 Redis repository interfaces.
2026-04-30T23:09:17.927+05:30  INFO 18056 --- [           main] o.hibernate.jpa.internal.util.LogHelper  : HHH000204: Processing PersistenceUnitInfo [name: default]
2026-04-30T23:09:17.945+05:30  INFO 18056 --- [           main] o.h.c.internal.RegionFactoryInitiator    : HHH000026: Second-level cache disabled
2026-04-30T23:09:17.970+05:30  INFO 18056 --- [           main] o.s.o.j.p.SpringPersistenceUnitInfo      : No LoadTimeWeaver setup: ignoring JPA class transformer
2026-04-30T23:09:17.976+05:30  INFO 18056 --- [           main] com.zaxxer.hikari.HikariDataSource       : HikariPool-4 - Starting...
2026-04-30T23:09:17.979+05:30  INFO 18056 --- [           main] com.zaxxer.hikari.pool.HikariPool        : HikariPool-4 - Added connection conn30: url=jdbc:h2:mem:testdb user=SA
2026-04-30T23:09:17.979+05:30  INFO 18056 --- [           main] com.zaxxer.hikari.HikariDataSource       : HikariPool-4 - Start completed.
2026-04-30T23:09:18.148+05:30  INFO 18056 --- [           main] o.h.e.t.j.p.i.JtaPlatformInitiator       : HHH000489: No JTA platform available (set 'hibernate.transaction.jta.platform' to enable JTA platform integration)
2026-04-30T23:09:18.162+05:30  INFO 18056 --- [           main] j.LocalContainerEntityManagerFactoryBean : Initialized JPA EntityManagerFactory for persistence unit 'default'
2026-04-30T23:09:19.046+05:30  WARN 18056 --- [           main] JpaBaseConfiguration$JpaWebConfiguration : spring.jpa.open-in-view is enabled by default. Therefore, database queries may be performed during view rendering. Explicitly configure spring.jpa.open-in-view to disable this warning
2026-04-30T23:09:19.134+05:30  WARN 18056 --- [           main] .s.s.UserDetailsServiceAutoConfiguration : 

Using generated security password: abab7b89-abd0-43a6-8b12-80a0c1c2015a

This generated password is for development use only. Your security configuration must be updated before running your application in production.

2026-04-30T23:09:19.889+05:30  INFO 18056 --- [           main] o.s.b.a.e.web.EndpointLinksResolver      : Exposing 1 endpoint(s) beneath base path '/actuator'
2026-04-30T23:09:20.004+05:30  INFO 18056 --- [           main] o.s.s.web.DefaultSecurityFilterChain     : Will secure any request with [org.springframework.security.web.session.DisableEncodeUrlFilter@7c54320d, org.springframework.security.web.context.request.async.WebAsyncManagerIntegrationFilter@2ec8f0c8, org.springframework.security.web.context.SecurityContextHolderFilter@3015982f, org.springframework.security.web.header.HeaderWriterFilter@20a8b3b9, org.springframework.web.filter.CorsFilter@dda7b10, org.springframework.security.web.authentication.logout.LogoutFilter@7e4635a0, com.internship.tool.config.JwtAuthFilter@615dff98, org.springframework.security.web.savedrequest.RequestCacheAwareFilter@1ec3e54a, org.springframework.security.web.servletapi.SecurityContextHolderAwareRequestFilter@229902a9, org.springframework.security.web.authentication.AnonymousAuthenticationFilter@46746c6c, org.springframework.security.web.session.SessionManagementFilter@3f3ddcd7, org.springframework.security.web.access.ExceptionTranslationFilter@7a191aed, org.springframework.security.web.access.intercept.AuthorizationFilter@71d4634c]
2026-04-30T23:09:21.035+05:30  INFO 18056 --- [           main] o.s.b.t.m.w.SpringBootMockServletContext : Initializing Spring TestDispatcherServlet ''
2026-04-30T23:09:21.036+05:30  INFO 18056 --- [           main] o.s.t.web.servlet.TestDispatcherServlet  : Initializing Servlet ''
2026-04-30T23:09:21.040+05:30  INFO 18056 --- [           main] o.s.t.web.servlet.TestDispatcherServlet  : Completed initialization in 4 ms
2026-04-30T23:09:21.117+05:30  INFO 18056 --- [           main] c.i.tool.controller.UserControllerTest   : Started UserControllerTest in 5.081 seconds (process running for 37.549)
]]></system-out>
  </testcase>
  <testcase name="testGetUser_valid" classname="com.internship.tool.controller.UserControllerTest" time="0.026"/>
  <testcase name="testGetUser_notFound" classname="com.internship.tool.controller.UserControllerTest" time="0.045"/>
  <testcase name="testDeleteUser_notFound" classname="com.internship.tool.controller.UserControllerTest" time="0.019"/>
  <testcase name="testMethodNotAllowed" classname="com.internship.tool.controller.UserControllerTest" time="0.012"/>
  <testcase name="testInvalidEndpoint" classname="com.internship.tool.controller.UserControllerTest" time="0.026"/>
</testsuite>